<?xml version="1.0" encoding="UTF-8"?>
<testng-results ignored="0" total="2" passed="2" failed="0" skipped="0">
  <reporter-output>
  </reporter-output>
  <suite started-at="2021-02-23T14:59:37 EST" name="Test automation regession suite" finished-at="2021-02-23T14:59:42 EST" duration-ms="4921">
    <groups>
    </groups>
    <test started-at="2021-02-23T14:59:37 EST" name="Firefox test" finished-at="2021-02-23T14:59:42 EST" duration-ms="4801">
      <class name="seleniumphp.SeleniumGridTest">
        <test-method is-config="true" signature="setup(java.lang.String)[pri:0, instance:seleniumphp.SeleniumGridTest@149e0f5d]" started-at="2021-02-23T14:59:37 EST" name="setup" finished-at="2021-02-23T14:59:41 EST" duration-ms="3730" status="PASS">
          <params>
            <param index="0">
              <value>
                <![CDATA[firefox]]>
              </value>
            </param>
          </params>
          <reporter-output>
          </reporter-output>
        </test-method> <!-- setup -->
        <test-method signature="webappTitleTest()[pri:0, instance:seleniumphp.SeleniumGridTest@149e0f5d]" started-at="2021-02-23T14:59:41 EST" name="webappTitleTest" finished-at="2021-02-23T14:59:41 EST" duration-ms="85" status="PASS">
          <reporter-output>
          </reporter-output>
        </test-method> <!-- webappTitleTest -->
        <test-method is-config="true" signature="teardown()[pri:0, instance:seleniumphp.SeleniumGridTest@149e0f5d]" started-at="2021-02-23T14:59:41 EST" name="teardown" finished-at="2021-02-23T14:59:42 EST" duration-ms="954" status="PASS">
          <reporter-output>
          </reporter-output>
        </test-method> <!-- teardown -->
      </class> <!-- seleniumphp.SeleniumGridTest -->
    </test> <!-- Firefox test -->
    <test started-at="2021-02-23T14:59:37 EST" name="Chrome test" finished-at="2021-02-23T14:59:42 EST" duration-ms="4921">
      <class name="seleniumphp.SeleniumGridTest">
        <test-method is-config="true" signature="setup(java.lang.String)[pri:0, instance:seleniumphp.SeleniumGridTest@12e61fe6]" started-at="2021-02-23T14:59:37 EST" name="setup" finished-at="2021-02-23T14:59:42 EST" duration-ms="4694" status="PASS">
          <params>
            <param index="0">
              <value>
                <![CDATA[chrome]]>
              </value>
            </param>
          </params>
          <reporter-output>
          </reporter-output>
        </test-method> <!-- setup -->
        <test-method signature="webappTitleTest()[pri:0, instance:seleniumphp.SeleniumGridTest@12e61fe6]" started-at="2021-02-23T14:59:42 EST" name="webappTitleTest" finished-at="2021-02-23T14:59:42 EST" duration-ms="75" status="PASS">
          <reporter-output>
          </reporter-output>
        </test-method> <!-- webappTitleTest -->
        <test-method is-config="true" signature="teardown()[pri:0, instance:seleniumphp.SeleniumGridTest@12e61fe6]" started-at="2021-02-23T14:59:42 EST" name="teardown" finished-at="2021-02-23T14:59:42 EST" duration-ms="123" status="PASS">
          <reporter-output>
          </reporter-output>
        </test-method> <!-- teardown -->
      </class> <!-- seleniumphp.SeleniumGridTest -->
    </test> <!-- Chrome test -->
  </suite> <!-- Test automation regession suite -->
</testng-results>
