<?xml version="1.0" encoding="UTF-8"?>
<testng-results ignored="0" total="2" passed="2" failed="0" skipped="0">
  <reporter-output>
  </reporter-output>
  <suite started-at="2021-02-25T18:21:42 EST" name="Test automation regession suite" finished-at="2021-02-25T18:21:48 EST" duration-ms="5208">
    <groups>
    </groups>
    <test started-at="2021-02-25T18:21:42 EST" name="Chrome test" finished-at="2021-02-25T18:21:48 EST" duration-ms="5156">
      <class name="seleniumphp.SeleniumGridTest">
        <test-method is-config="true" signature="setup(java.lang.String)[pri:0, instance:seleniumphp.SeleniumGridTest@7c469c48]" started-at="2021-02-25T18:21:43 EST" name="setup" finished-at="2021-02-25T18:21:47 EST" duration-ms="4926" status="PASS">
          <params>
            <param index="0">
              <value>
                <![CDATA[chrome]]>
              </value>
            </param>
          </params>
          <reporter-output>
          </reporter-output>
        </test-method> <!-- setup -->
        <test-method signature="webappTitleTest()[pri:0, instance:seleniumphp.SeleniumGridTest@7c469c48]" started-at="2021-02-25T18:21:47 EST" name="webappTitleTest" finished-at="2021-02-25T18:21:48 EST" duration-ms="77" status="PASS">
          <reporter-output>
          </reporter-output>
        </test-method> <!-- webappTitleTest -->
        <test-method is-config="true" signature="teardown()[pri:0, instance:seleniumphp.SeleniumGridTest@7c469c48]" started-at="2021-02-25T18:21:48 EST" name="teardown" finished-at="2021-02-25T18:21:48 EST" duration-ms="119" status="PASS">
          <reporter-output>
          </reporter-output>
        </test-method> <!-- teardown -->
      </class> <!-- seleniumphp.SeleniumGridTest -->
    </test> <!-- Chrome test -->
    <test started-at="2021-02-25T18:21:42 EST" name="Firefox test" finished-at="2021-02-25T18:21:48 EST" duration-ms="5208">
      <class name="seleniumphp.SeleniumGridTest">
        <test-method is-config="true" signature="setup(java.lang.String)[pri:0, instance:seleniumphp.SeleniumGridTest@3aefe5e5]" started-at="2021-02-25T18:21:43 EST" name="setup" finished-at="2021-02-25T18:21:47 EST" duration-ms="4211" status="PASS">
          <params>
            <param index="0">
              <value>
                <![CDATA[firefox]]>
              </value>
            </param>
          </params>
          <reporter-output>
          </reporter-output>
        </test-method> <!-- setup -->
        <test-method signature="webappTitleTest()[pri:0, instance:seleniumphp.SeleniumGridTest@3aefe5e5]" started-at="2021-02-25T18:21:47 EST" name="webappTitleTest" finished-at="2021-02-25T18:21:47 EST" duration-ms="70" status="PASS">
          <reporter-output>
          </reporter-output>
        </test-method> <!-- webappTitleTest -->
        <test-method is-config="true" signature="teardown()[pri:0, instance:seleniumphp.SeleniumGridTest@3aefe5e5]" started-at="2021-02-25T18:21:47 EST" name="teardown" finished-at="2021-02-25T18:21:48 EST" duration-ms="896" status="PASS">
          <reporter-output>
          </reporter-output>
        </test-method> <!-- teardown -->
      </class> <!-- seleniumphp.SeleniumGridTest -->
    </test> <!-- Firefox test -->
  </suite> <!-- Test automation regession suite -->
</testng-results>
